0 info it worked if it ends with ok
1 verbose cli [ 'node', '/usr/local/bin/npm', 'start' ]
2 info using npm@1.1.36
3 info using node@v0.8.2
4 verbose config file /Users/bradhorrocks/.npmrc
5 verbose config file /usr/local/etc/npmrc
6 verbose config file /usr/local/lib/node_modules/npm/npmrc
7 verbose read json /Users/bradhorrocks/dev/forward-market/public/package.json
8 error Error: ENOENT, open '/Users/bradhorrocks/dev/forward-market/public/package.json'
8 error  { [Error: ENOENT, open '/Users/bradhorrocks/dev/forward-market/public/package.json']
8 error   errno: 34,
8 error   code: 'ENOENT',
8 error   path: '/Users/bradhorrocks/dev/forward-market/public/package.json' }
9 error You may report this log at:
9 error     <http://github.com/isaacs/npm/issues>
9 error or email it to:
9 error     <npm-@googlegroups.com>
10 error System Darwin 11.4.2
11 error command "node" "/usr/local/bin/npm" "start"
12 error cwd /Users/bradhorrocks/dev/forward-market/public
13 error node -v v0.8.2
14 error npm -v 1.1.36
15 error path /Users/bradhorrocks/dev/forward-market/public/package.json
16 error code ENOENT
17 error message ENOENT, open '/Users/bradhorrocks/dev/forward-market/public/package.json'
18 error errno 34
19 error 34 errno
20 verbose exit [ 34, true ]
